<?xml version="1.0" encoding="UTF-8"?>
<!-- Generated by org.testng.reporters.JUnitReportReporter -->
<testsuite hostname="DESKTOP-LLLGMOJ" name="day11.testngsamples.Example7" tests="1" failures="0" timestamp="7 May 2022 03:27:25 GMT" time="12.360" errors="0">
  <testcase name="loginLogoutInActitimeApplication" time="12.360" classname="day11.testngsamples.Example7"/>
</testsuite> <!-- day11.testngsamples.Example7 -->
