<?xml version="1.0" encoding="UTF-8"?>
<!-- Generated by org.testng.reporters.JUnitReportReporter -->
<testsuite hostname="DESKTOP-LLLGMOJ" name="day11.testngsamples.Example8" tests="1" failures="0" timestamp="7 May 2022 02:43:44 GMT" time="14.843" errors="0">
  <testcase name="loginLogoutInActitimeApplication" time="14.843" classname="day11.testngsamples.Example8"/>
</testsuite> <!-- day11.testngsamples.Example8 -->
