<?xml version="1.0" encoding="UTF-8"?>
<!-- Generated by org.testng.reporters.JUnitReportReporter -->
<testsuite hostname="DESKTOP-LLLGMOJ" name="day22.testngadvxml.DataProviderExample" tests="6" failures="0" timestamp="7 May 2022 03:27:25 GMT" time="25.828" errors="0">
  <testcase name="setData" time="0.002" classname="day22.testngadvxml.DataProviderExample"/>
  <testcase name="testLoginOfVtiger" time="11.441" classname="day22.testngadvxml.DataProviderExample"/>
  <testcase name="setData" time="0.010" classname="day22.testngadvxml.DataProviderExample"/>
  <testcase name="testLoginOfVtiger" time="7.662" classname="day22.testngadvxml.DataProviderExample"/>
  <testcase name="setData" time="0.002" classname="day22.testngadvxml.DataProviderExample"/>
  <testcase name="testLoginOfVtiger" time="6.711" classname="day22.testngadvxml.DataProviderExample"/>
</testsuite> <!-- day22.testngadvxml.DataProviderExample -->
