<?xml version="1.0" encoding="UTF-8"?>
<!-- Generated by org.testng.reporters.JUnitReportReporter -->
<testsuite hostname="DESKTOP-LLLGMOJ" name="day22.testngadvxml.ParallelExecutionOfMethods" tests="2" failures="0" timestamp="7 May 2022 03:24:59 GMT" time="11.944" errors="0">
  <testcase name="testCaseTwo" time="8.287" classname="day22.testngadvxml.ParallelExecutionOfMethods"/>
  <testcase name="testCaseOne" time="3.657" classname="day22.testngadvxml.ParallelExecutionOfMethods"/>
</testsuite> <!-- day22.testngadvxml.ParallelExecutionOfMethods -->
