<?xml version="1.0" encoding="UTF-8"?>
<!-- Generated by org.testng.reporters.JUnitReportReporter -->
<testsuite hostname="DESKTOP-LLLGMOJ" name="day11.testngsamples.Example5" tests="2" failures="0" timestamp="7 May 2022 02:43:44 GMT" time="0.012" errors="0">
  <testcase name="testCase5" time="0.001" classname="day11.testngsamples.Example5"/>
  <testcase name="testCase6" time="0.011" classname="day11.testngsamples.Example5"/>
</testsuite> <!-- day11.testngsamples.Example5 -->
