<?xml version="1.0" encoding="UTF-8"?>
<!-- Generated by org.testng.reporters.JUnitReportReporter -->
<testsuite hostname="DESKTOP-LLLGMOJ" name="day11.testngsamples.Example_Annotations2" tests="2" failures="0" timestamp="7 May 2022 02:43:44 GMT" time="0.002" errors="0">
  <testcase name="createTask" time="0.001" classname="day11.testngsamples.Example_Annotations2"/>
  <testcase name="verifyLogin" time="0.001" classname="day11.testngsamples.Example_Annotations2"/>
</testsuite> <!-- day11.testngsamples.Example_Annotations2 -->
