<?xml version="1.0" encoding="UTF-8"?>
<!-- Generated by org.testng.reporters.JUnitReportReporter -->
<testsuite skipped="0" hostname="DESKTOP-LLLGMOJ" name="day26.javascriptsamples.JavaScriptExample1" tests="1" failures="0" timestamp="2022-05-21T09:35:25 IST" time="94.481" errors="0">
  <testcase name="testLoginWithoutClick" time="94.481" classname="day26.javascriptsamples.JavaScriptExample1"/>
  <system-out/>
</testsuite> <!-- day26.javascriptsamples.JavaScriptExample1 -->
