<?xml version="1.0" encoding="UTF-8"?>
<!-- Generated by org.testng.reporters.JUnitReportReporter -->
<testsuite hostname="DESKTOP-LLLGMOJ" name="day11.testngsamples.Example_Param1" tests="5" failures="0" timestamp="7 May 2022 02:43:44 GMT" time="0.013" errors="0">
  <testcase name="param1" time="0.002" classname="day11.testngsamples.Example_Param1"/>
  <testcase name="param1" time="0.003" classname="day11.testngsamples.Example_Param1"/>
  <testcase name="param1" time="0.005" classname="day11.testngsamples.Example_Param1"/>
  <testcase name="param1" time="0.002" classname="day11.testngsamples.Example_Param1"/>
  <testcase name="param1" time="0.001" classname="day11.testngsamples.Example_Param1"/>
</testsuite> <!-- day11.testngsamples.Example_Param1 -->
