<?xml version="1.0" encoding="UTF-8"?>
<!-- Generated by org.testng.reporters.JUnitReportReporter -->
<testsuite hostname="DESKTOP-LLLGMOJ" name="day11.testngsamples.Example_Param5" tests="3" failures="0" timestamp="7 May 2022 02:43:44 GMT" time="0.009" errors="0">
  <testcase name="signIn" time="0.001" classname="day11.testngsamples.Example_Param5"/>
  <testcase name="login" time="0.007" classname="day11.testngsamples.Example_Param5"/>
  <testcase name="checkNotification" time="0.001" classname="day11.testngsamples.Example_Param5"/>
</testsuite> <!-- day11.testngsamples.Example_Param5 -->
