<?xml version="1.0" encoding="UTF-8"?>
<!-- Generated by org.testng.reporters.JUnitReportReporter -->
<testsuite hostname="DESKTOP-LLLGMOJ" name="day11.testngsamples.Sample2" tests="1" failures="0" timestamp="7 May 2022 02:43:44 GMT" time="0.000" errors="0">
  <testcase name="regressionTC1" time="0.000" classname="day11.testngsamples.Sample2"/>
</testsuite> <!-- day11.testngsamples.Sample2 -->
