<?xml version="1.0" encoding="UTF-8"?>
<!-- Generated by org.testng.reporters.JUnitReportReporter -->
<testsuite skipped="0" hostname="DESKTOP-LLLGMOJ" name="autoITExamples.FileUploadUsingAutoIT" tests="1" failures="0" timestamp="2022-05-21T09:21:01 IST" time="9.950" errors="0">
  <testcase name="testCase" time="9.950" classname="autoITExamples.FileUploadUsingAutoIT"/>
  <system-out/>
</testsuite> <!-- autoITExamples.FileUploadUsingAutoIT -->
