<?xml version="1.0" encoding="UTF-8"?>
<!-- Generated by org.testng.reporters.JUnitReportReporter -->
<testsuite skipped="0" hostname="DESKTOP-LLLGMOJ" name="day24.webpagescripts.GoogleSearchScript" tests="1" failures="0" timestamp="2022-05-10T08:31:53 IST" time="8.644" errors="0">
  <testcase name="testCase" time="8.644" classname="day24.webpagescripts.GoogleSearchScript"/>
  <system-out/>
</testsuite> <!-- day24.webpagescripts.GoogleSearchScript -->
